6
-729
1000101
0
1
2
3
4
5
6
7
8
9
10
11
12
13
14
15
16
17
18
19
20
30
41
42
43
44
45
46
50
60
77
78
79
80
90
103
2007
3000004
-1
-2
-3
-4
-5
-6
-7
-8
-9
-10
-11
-12
-13
-14
-15
-16
-17
-18
-19
-20
-30
-41
-42
-43
-44
-45
-46
-50
-60
-77
-78
-79
-80
-90
-103
-2007
-3000004
13012011
999999999
-999999999
987654321
-987654321
123456789
-123456789
23456789
103456789
120456789
123056789
123406789
123450789
123456089
123456709
123456780
-23456789
-103456789
-120456789
-123056789
-123406789
-123450789
-123456089
-123456709
-123456780
